<?xml version="1.0" encoding="UTF-8"?>
<testng-results ignored="0" total="1" passed="1" failed="0" skipped="0">
  <reporter-output>
  </reporter-output>
  <suite started-at="2024-04-26T02:32:55Z" name="Default suite" finished-at="2024-04-26T02:33:03Z" duration-ms="8861">
    <groups>
      <group name="cucumber">
        <method signature="AbstractTestNGCucumberTests.feature(cucumber.api.testng.CucumberFeatureWrapper)[pri:0, instance:testrunners.AdminLoginTest@6bc407fd]" name="feature" class="cucumber.api.testng.AbstractTestNGCucumberTests"/>
      </group> <!-- cucumber -->
    </groups>
    <test started-at="2024-04-26T02:32:55Z" name="Default test" finished-at="2024-04-26T02:33:03Z" duration-ms="8861">
      <class name="testrunners.AdminLoginTest">
        <test-method is-config="true" signature="setUpClass()[pri:0, instance:testrunners.AdminLoginTest@6bc407fd]" started-at="2024-04-26T02:32:55Z" name="setUpClass" finished-at="2024-04-26T02:32:55Z" duration-ms="372" status="PASS">
          <reporter-output>
          </reporter-output>
        </test-method> <!-- setUpClass -->
        <test-method signature="feature(cucumber.api.testng.CucumberFeatureWrapper)[pri:0, instance:testrunners.AdminLoginTest@6bc407fd]" started-at="2024-04-26T02:32:55Z" name="feature" description="Runs Cucumber Feature" data-provider="features" finished-at="2024-04-26T02:33:03Z" duration-ms="8325" status="PASS">
          <params>
            <param index="0">
              <value>
                <![CDATA[Admin Login]]>
              </value>
            </param>
          </params>
          <reporter-output>
          </reporter-output>
        </test-method> <!-- feature -->
        <test-method is-config="true" signature="tearDownClass()[pri:0, instance:testrunners.AdminLoginTest@6bc407fd]" started-at="2024-04-26T02:33:03Z" name="tearDownClass" finished-at="2024-04-26T02:33:03Z" duration-ms="12" status="PASS">
          <reporter-output>
          </reporter-output>
        </test-method> <!-- tearDownClass -->
      </class> <!-- testrunners.AdminLoginTest -->
    </test> <!-- Default test -->
  </suite> <!-- Default suite -->
</testng-results>
